0 info it worked if it ends with ok
1 verbose cli [ '/usr/local/bin/node',
1 verbose cli   '/usr/local/bin/npm',
1 verbose cli   'install',
1 verbose cli   '-g',
1 verbose cli   'learnyoureact' ]
2 info using npm@2.15.9
3 info using node@v4.5.0
4 verbose install initial load of /usr/local/lib/package.json
5 verbose readDependencies loading dependencies from /usr/local/lib/package.json
6 silly cache add args [ 'learnyoureact', null ]
7 verbose cache add spec learnyoureact
8 silly cache add parsed spec Result {
8 silly cache add   raw: 'learnyoureact',
8 silly cache add   scope: null,
8 silly cache add   name: 'learnyoureact',
8 silly cache add   rawSpec: '',
8 silly cache add   spec: 'latest',
8 silly cache add   type: 'tag' }
9 silly addNamed learnyoureact@latest
10 verbose addNamed "latest" is being treated as a dist-tag for learnyoureact
11 info addNameTag [ 'learnyoureact', 'latest' ]
12 silly mapToRegistry name learnyoureact
13 silly mapToRegistry using default registry
14 silly mapToRegistry registry https://registry.npmjs.org/
15 silly mapToRegistry data Result {
15 silly mapToRegistry   raw: 'learnyoureact',
15 silly mapToRegistry   scope: null,
15 silly mapToRegistry   name: 'learnyoureact',
15 silly mapToRegistry   rawSpec: '',
15 silly mapToRegistry   spec: 'latest',
15 silly mapToRegistry   type: 'tag' }
16 silly mapToRegistry uri https://registry.npmjs.org/learnyoureact
17 verbose addNameTag registry:https://registry.npmjs.org/learnyoureact not in flight; fetching
18 verbose request uri https://registry.npmjs.org/learnyoureact
19 verbose request no auth needed
20 info attempt registry request try #1 at 11:53:51 PM
21 verbose request id fc4a96844f6ec0d6
22 http request GET https://registry.npmjs.org/learnyoureact
23 http 200 https://registry.npmjs.org/learnyoureact
24 verbose headers { server: 'CouchDB/1.5.0 (Erlang OTP/R16B03)',
24 verbose headers   etag: '"1HFWEHIC8CJJ05BKE8ZFUQGWF"',
24 verbose headers   'content-type': 'application/json',
24 verbose headers   'content-encoding': 'gzip',
24 verbose headers   'cache-control': 'max-age=300',
24 verbose headers   'content-length': '12145',
24 verbose headers   'accept-ranges': 'bytes',
24 verbose headers   date: 'Tue, 20 Sep 2016 06:47:41 GMT',
24 verbose headers   via: '1.1 varnish',
24 verbose headers   age: '0',
24 verbose headers   connection: 'keep-alive',
24 verbose headers   'x-served-by': 'cache-sjc3138-SJC',
24 verbose headers   'x-cache': 'MISS',
24 verbose headers   'x-cache-hits': '0',
24 verbose headers   'x-timer': 'S1474354061.286951,VS0,VE455',
24 verbose headers   vary: 'Accept-Encoding' }
25 silly get cb [ 200,
25 silly get   { server: 'CouchDB/1.5.0 (Erlang OTP/R16B03)',
25 silly get     etag: '"1HFWEHIC8CJJ05BKE8ZFUQGWF"',
25 silly get     'content-type': 'application/json',
25 silly get     'content-encoding': 'gzip',
25 silly get     'cache-control': 'max-age=300',
25 silly get     'content-length': '12145',
25 silly get     'accept-ranges': 'bytes',
25 silly get     date: 'Tue, 20 Sep 2016 06:47:41 GMT',
25 silly get     via: '1.1 varnish',
25 silly get     age: '0',
25 silly get     connection: 'keep-alive',
25 silly get     'x-served-by': 'cache-sjc3138-SJC',
25 silly get     'x-cache': 'MISS',
25 silly get     'x-cache-hits': '0',
25 silly get     'x-timer': 'S1474354061.286951,VS0,VE455',
25 silly get     vary: 'Accept-Encoding' } ]
26 verbose get saving learnyoureact to /Users/vish/.npm/registry.npmjs.org/learnyoureact/.cache.json
27 verbose correctMkdir /Users/vish/.npm correctMkdir not in flight; initializing
28 silly addNameTag next cb for learnyoureact with tag latest
29 silly addNamed learnyoureact@0.11.6
30 verbose addNamed "0.11.6" is a plain semver version for learnyoureact
31 silly mapToRegistry name learnyoureact
32 silly mapToRegistry using default registry
33 silly mapToRegistry registry https://registry.npmjs.org/
34 silly mapToRegistry data Result {
34 silly mapToRegistry   raw: 'learnyoureact',
34 silly mapToRegistry   scope: null,
34 silly mapToRegistry   name: 'learnyoureact',
34 silly mapToRegistry   rawSpec: '',
34 silly mapToRegistry   spec: 'latest',
34 silly mapToRegistry   type: 'tag' }
35 silly mapToRegistry uri https://registry.npmjs.org/learnyoureact
36 verbose addRemoteTarball https://registry.npmjs.org/learnyoureact/-/learnyoureact-0.11.6.tgz not in flight; adding
37 verbose addRemoteTarball [ 'https://registry.npmjs.org/learnyoureact/-/learnyoureact-0.11.6.tgz',
37 verbose addRemoteTarball   '734c313f240100ca6f66ab50cc6fa9ee33473bdd' ]
38 info retry fetch attempt 1 at 11:53:57 PM
39 info attempt registry request try #1 at 11:53:57 PM
40 http fetch GET https://registry.npmjs.org/learnyoureact/-/learnyoureact-0.11.6.tgz
41 http fetch 200 https://registry.npmjs.org/learnyoureact/-/learnyoureact-0.11.6.tgz
42 silly fetchAndShaCheck shasum 734c313f240100ca6f66ab50cc6fa9ee33473bdd
43 verbose addTmpTarball /var/folders/ck/fm_rvt5501bdcd8wfhmp1z3r0000gn/T/npm-1780-5f7a32f9/registry.npmjs.org/learnyoureact/-/learnyoureact-0.11.6.tgz not in flight; adding
44 verbose addTmpTarball already have metadata; skipping unpack for learnyoureact@0.11.6
45 verbose correctMkdir /Users/vish/.npm correctMkdir not in flight; initializing
46 silly cache afterAdd learnyoureact@0.11.6
47 verbose afterAdd /Users/vish/.npm/learnyoureact/0.11.6/package/package.json not in flight; writing
48 verbose correctMkdir /Users/vish/.npm correctMkdir not in flight; initializing
49 verbose afterAdd /Users/vish/.npm/learnyoureact/0.11.6/package/package.json written
50 silly install resolved [ { name: 'learnyoureact',
50 silly install resolved     version: '0.11.6',
50 silly install resolved     description: 'Learn React.js and server side rendering!',
50 silly install resolved     main: 'learnyoureact.js',
50 silly install resolved     bin: { learnyoureact: './learnyoureact.js' },
50 silly install resolved     dependencies:
50 silly install resolved      { babel: '^5.8.23',
50 silly install resolved        babelify: '~7.2.0',
50 silly install resolved        'babel-preset-react': '~6.1.18',
50 silly install resolved        'babel-preset-es2015': '~6.1.18',
50 silly install resolved        bl: '~0.9.4',
50 silly install resolved        'body-parser': '~1.12.3',
50 silly install resolved        browserify: '~10.1.3',
50 silly install resolved        'colors-tmpl': '~1.0.0',
50 silly install resolved        express: '~4.12.3',
50 silly install resolved        'express-react-views': '~0.9.0',
50 silly install resolved        hyperquest: '~1.2.0',
50 silly install resolved        'js-beautify': '^1.5.10',
50 silly install resolved        react: '~0.14.0',
50 silly install resolved        reactify: '~1.1.1',
50 silly install resolved        'react-dom': '~0.14.0',
50 silly install resolved        through2: '~0.6.5',
50 silly install resolved        'workshopper-adventure': '~3.4.5',
50 silly install resolved        'workshopper-boilerplate': '~1.1.0',
50 silly install resolved        'workshopper-exercise': '~2.7.0',
50 silly install resolved        'workshopper-wrappedexec': '~0.1.2' },
50 silly install resolved     scripts: { test: 'echo "Error: no test specified" && exit 1' },
50 silly install resolved     repository:
50 silly install resolved      { type: 'git',
50 silly install resolved        url: 'git://github.com/kohei-takata/learnyoureact.git' },
50 silly install resolved     author: { name: 'Kohei TAKATA' },
50 silly install resolved     license: 'MIT',
50 silly install resolved     bugs: { url: 'https://github.com/kohei-takata/learnyoureact/issues' },
50 silly install resolved     homepage: 'https://github.com/kohei-takata/learnyoureact',
50 silly install resolved     preferGlobal: true,
50 silly install resolved     keywords: [ 'react', 'learn', 'tutorial', 'workshopper' ],
50 silly install resolved     gitHead: '794f042f7e5adf9a826691dc3ea65fd09cde3a35',
50 silly install resolved     _id: 'learnyoureact@0.11.6',
50 silly install resolved     _shasum: '734c313f240100ca6f66ab50cc6fa9ee33473bdd',
50 silly install resolved     _from: 'learnyoureact@latest',
50 silly install resolved     _npmVersion: '2.14.7',
50 silly install resolved     _nodeVersion: '4.2.2',
50 silly install resolved     _npmUser: { name: 'kohei_takata', email: 'kt.koheitakata@gmail.com' },
50 silly install resolved     dist:
50 silly install resolved      { shasum: '734c313f240100ca6f66ab50cc6fa9ee33473bdd',
50 silly install resolved        tarball: 'https://registry.npmjs.org/learnyoureact/-/learnyoureact-0.11.6.tgz' },
50 silly install resolved     maintainers: [ [Object] ],
50 silly install resolved     _npmOperationalInternal:
50 silly install resolved      { host: 'packages-12-west.internal.npmjs.com',
50 silly install resolved        tmp: 'tmp/learnyoureact-0.11.6.tgz_1463816207477_0.3896380397491157' },
50 silly install resolved     directories: {},
50 silly install resolved     _resolved: 'https://registry.npmjs.org/learnyoureact/-/learnyoureact-0.11.6.tgz' } ]
51 info install learnyoureact@0.11.6 into /usr/local/lib
52 info installOne learnyoureact@0.11.6
53 verbose installOne of learnyoureact to /usr/local/lib not in flight; installing
54 verbose correctMkdir /Users/vish/.npm/_locks correctMkdir not in flight; initializing
55 verbose lock using /Users/vish/.npm/_locks/learnyoureact-7c3ce66043ebac78.lock for /usr/local/lib/node_modules/learnyoureact
56 silly install write writing learnyoureact 0.11.6 to /usr/local/lib/node_modules/learnyoureact
57 verbose unbuild lib/node_modules/learnyoureact
58 silly gentlyRm /usr/local/lib/node_modules/learnyoureact is being purged from base /usr/local
59 verbose gentlyRm don't care about contents; nuking /usr/local/lib/node_modules/learnyoureact
60 verbose tar unpack /Users/vish/.npm/learnyoureact/0.11.6/package.tgz
61 verbose tar unpacking to /usr/local/lib/node_modules/learnyoureact
62 silly gentlyRm /usr/local/lib/node_modules/learnyoureact is being purged
63 verbose gentlyRm don't care about contents; nuking /usr/local/lib/node_modules/learnyoureact
64 silly gunzTarPerm modes [ '755', '644' ]
65 error tar.unpack untar error /Users/vish/.npm/learnyoureact/0.11.6/package.tgz
66 verbose unlock done using /Users/vish/.npm/_locks/learnyoureact-7c3ce66043ebac78.lock for /usr/local/lib/node_modules/learnyoureact
67 verbose fstream_path /usr/local/lib/node_modules/learnyoureact
68 verbose fstream_type Directory
69 verbose fstream_class DirWriter
70 verbose stack Error: EACCES: permission denied, mkdir '/usr/local/lib/node_modules/learnyoureact'
70 verbose stack     at Error (native)
71 verbose fstream_stack /usr/local/lib/node_modules/npm/node_modules/fstream/lib/dir-writer.js:35:25
71 verbose fstream_stack /usr/local/lib/node_modules/npm/node_modules/mkdirp/index.js:47:53
71 verbose fstream_stack FSReqWrap.oncomplete (fs.js:82:15)
72 verbose cwd /Users/vish/Projects/Node101
73 error Darwin 15.4.0
74 error argv "/usr/local/bin/node" "/usr/local/bin/npm" "install" "-g" "learnyoureact"
75 error node v4.5.0
76 error npm  v2.15.9
77 error path /usr/local/lib/node_modules/learnyoureact
78 error code EACCES
79 error errno -13
80 error syscall mkdir
81 error Error: EACCES: permission denied, mkdir '/usr/local/lib/node_modules/learnyoureact'
81 error     at Error (native)
81 error  { [Error: EACCES: permission denied, mkdir '/usr/local/lib/node_modules/learnyoureact']
81 error   errno: -13,
81 error   code: 'EACCES',
81 error   syscall: 'mkdir',
81 error   path: '/usr/local/lib/node_modules/learnyoureact',
81 error   fstream_type: 'Directory',
81 error   fstream_path: '/usr/local/lib/node_modules/learnyoureact',
81 error   fstream_class: 'DirWriter',
81 error   fstream_stack:
81 error    [ '/usr/local/lib/node_modules/npm/node_modules/fstream/lib/dir-writer.js:35:25',
81 error      '/usr/local/lib/node_modules/npm/node_modules/mkdirp/index.js:47:53',
81 error      'FSReqWrap.oncomplete (fs.js:82:15)' ] }
82 error Please try running this command again as root/Administrator.
83 verbose exit [ -13, true ]
84 verbose unbuild lib/node_modules/learnyoureact
85 silly gentlyRm /usr/local/lib/node_modules/learnyoureact is being purged from base /usr/local
86 verbose gentlyRm don't care about contents; nuking /usr/local/lib/node_modules/learnyoureact
